c:\users\fathead\documents\visual studio 2017\projects\grabmypackage\grabmypackage\debug\vc141.pdb
c:\users\fathead\documents\visual studio 2017\projects\grabmypackage\grabmypackage\debug\vc141.idb
c:\users\fathead\documents\visual studio 2017\projects\grabmypackage\grabmypackage\debug\main.obj
c:\users\fathead\documents\visual studio 2017\projects\grabmypackage\grabmypackage\debug\vcpkg.applocal.log
c:\users\fathead\documents\visual studio 2017\projects\grabmypackage\debug\sfml-graphics-d-2.dll
c:\users\fathead\documents\visual studio 2017\projects\grabmypackage\debug\sfml-window-d-2.dll
c:\users\fathead\documents\visual studio 2017\projects\grabmypackage\debug\sfml-system-d-2.dll
c:\users\fathead\documents\visual studio 2017\projects\grabmypackage\debug\freetyped.dll
c:\users\fathead\documents\visual studio 2017\projects\grabmypackage\debug\zlibd1.dll
c:\users\fathead\documents\visual studio 2017\projects\grabmypackage\debug\libbz2d.dll
c:\users\fathead\documents\visual studio 2017\projects\grabmypackage\debug\libpng16d.dll
c:\users\fathead\documents\visual studio 2017\projects\grabmypackage\debug\jpeg62.dll
c:\users\fathead\documents\visual studio 2017\projects\grabmypackage\debug\grabmypackage.exe
c:\users\fathead\documents\visual studio 2017\projects\grabmypackage\debug\grabmypackage.ilk
c:\users\fathead\documents\visual studio 2017\projects\grabmypackage\debug\grabmypackage.pdb
c:\users\fathead\documents\visual studio 2017\projects\grabmypackage\grabmypackage\debug\grabmypackage.tlog\cl.command.1.tlog
c:\users\fathead\documents\visual studio 2017\projects\grabmypackage\grabmypackage\debug\grabmypackage.tlog\cl.read.1.tlog
c:\users\fathead\documents\visual studio 2017\projects\grabmypackage\grabmypackage\debug\grabmypackage.tlog\cl.write.1.tlog
c:\users\fathead\documents\visual studio 2017\projects\grabmypackage\grabmypackage\debug\grabmypackage.tlog\grabmypackage.write.1u.tlog
c:\users\fathead\documents\visual studio 2017\projects\grabmypackage\grabmypackage\debug\grabmypackage.tlog\link.command.1.tlog
c:\users\fathead\documents\visual studio 2017\projects\grabmypackage\grabmypackage\debug\grabmypackage.tlog\link.read.1.tlog
c:\users\fathead\documents\visual studio 2017\projects\grabmypackage\grabmypackage\debug\grabmypackage.tlog\link.write.1.tlog
